This is pdfTeX, Version 3.14159265-2.6-1.40.15 (MiKTeX 2.9) (preloaded format=pdflatex 2015.4.4)  24 MAY 2015 23:38
entering extended mode
**MouseCompteRendu.tex
(MouseCompteRendu.tex
LaTeX2e <2014/05/01>
Babel <3.9l> and hyphenation patterns for 68 languages loaded.
("C:\Program Files (x86)\MiKTeX 2.9\tex\latex\base\article.cls"
Document Class: article 2014/09/29 v1.4h Standard LaTeX document class
("C:\Program Files (x86)\MiKTeX 2.9\tex\latex\base\size11.clo"
File: size11.clo 2014/09/29 v1.4h Standard LaTeX file (size option)
)
\c@part=\count79
\c@section=\count80
\c@subsection=\count81
\c@subsubsection=\count82
\c@paragraph=\count83
\c@subparagraph=\count84
\c@figure=\count85
\c@table=\count86
\abovecaptionskip=\skip41
\belowcaptionskip=\skip42
\bibindent=\dimen102
)
("C:\Program Files (x86)\MiKTeX 2.9\tex\latex\babel\babel.sty"
Package: babel 2014/09/25 3.9l The Babel package

*************************************
* Local config file bblopts.cfg used
*
("C:\Program Files (x86)\MiKTeX 2.9\tex\latex\00miktex\bblopts.cfg"
File: bblopts.cfg 2006/07/31 v1.0 MiKTeX 'babel' configuration
)
("C:\Program Files (x86)\MiKTeX 2.9\tex\latex\babel-french\frenchb.ldf"
Language: frenchb 2014/10/25 v3.1c French support from the babel system

("C:\Program Files (x86)\MiKTeX 2.9\tex\latex\babel\babel.def"
File: babel.def 2014/09/25 3.9l Babel common definitions
\babel@savecnt=\count87
\U@D=\dimen103
)
\l@acadian = a dialect from \language\l@french 
\l@canadien = a dialect from \language\l@french 
\FBcolonskip=\skip43
\FBthinskip=\skip44
\FB@interchartokenstateORI=\count88
Package babel Info: Making : an active character on input line 371.
Package babel Info: Making ; an active character on input line 372.
Package babel Info: Making ! an active character on input line 373.
Package babel Info: Making ? an active character on input line 374.
\FBguillskip=\skip45
\FBguill@level=\count89
\FB@Mht=\dimen104
\std@mcc=\count90
\dec@mcc=\count91
\listindentFB=\skip46
\labelwidthFB=\skip47
\leftmarginFB=\skip48
\parindentFFN=\dimen105
))
("C:\Program Files (x86)\MiKTeX 2.9\tex\latex\carlisle\scalefnt.sty")
("C:\Program Files (x86)\MiKTeX 2.9\tex\latex\graphics\keyval.sty"
Package: keyval 2014/10/28 v1.15 key=value parser (DPC)
\KV@toks@=\toks14
)
("C:\Program Files (x86)\MiKTeX 2.9\tex\latex\base\inputenc.sty"
Package: inputenc 2014/04/30 v1.2b Input encoding file
\inpenc@prehook=\toks15
\inpenc@posthook=\toks16

("C:\Program Files (x86)\MiKTeX 2.9\tex\latex\base\latin1.def"
File: latin1.def 2014/04/30 v1.2b Input encoding file
))
("C:\Program Files (x86)\MiKTeX 2.9\tex\latex\base\fontenc.sty"
Package: fontenc 2005/09/27 v1.99g Standard LaTeX package

("C:\Program Files (x86)\MiKTeX 2.9\tex\latex\base\t1enc.def"
File: t1enc.def 2005/09/27 v1.99g Standard LaTeX file
LaTeX Font Info:    Redeclaring font encoding T1 on input line 43.
))
("C:\Program Files (x86)\MiKTeX 2.9\tex\latex\tools\verbatim.sty"
Package: verbatim 2014/10/28 v1.5q LaTeX2e package for verbatim enhancements
\every@verbatim=\toks17
\verbatim@line=\toks18
\verbatim@in@stream=\read1
)
("C:\Program Files (x86)\MiKTeX 2.9\tex\latex\graphics\graphicx.sty"
Package: graphicx 2014/10/28 v1.0g Enhanced LaTeX Graphics (DPC,SPQR)

("C:\Program Files (x86)\MiKTeX 2.9\tex\latex\graphics\graphics.sty"
Package: graphics 2014/10/28 v1.0p Standard LaTeX Graphics (DPC,SPQR)

("C:\Program Files (x86)\MiKTeX 2.9\tex\latex\graphics\trig.sty"
Package: trig 1999/03/16 v1.09 sin cos tan (DPC)
)
("C:\Program Files (x86)\MiKTeX 2.9\tex\latex\00miktex\graphics.cfg"
File: graphics.cfg 2007/01/18 v1.5 graphics configuration of teTeX/TeXLive
)
Package graphics Info: Driver file: pdftex.def on input line 91.

("C:\Program Files (x86)\MiKTeX 2.9\tex\latex\pdftex-def\pdftex.def"
File: pdftex.def 2011/05/27 v0.06d Graphics/color for pdfTeX

("C:\Program Files (x86)\MiKTeX 2.9\tex\generic\oberdiek\infwarerr.sty"
Package: infwarerr 2010/04/08 v1.3 Providing info/warning/error messages (HO)
)
("C:\Program Files (x86)\MiKTeX 2.9\tex\generic\oberdiek\ltxcmds.sty"
Package: ltxcmds 2011/11/09 v1.22 LaTeX kernel commands for general use (HO)
)
\Gread@gobject=\count92
))
\Gin@req@height=\dimen106
\Gin@req@width=\dimen107
)
("C:\Program Files (x86)\MiKTeX 2.9\tex\latex\oberdiek\epstopdf.sty"
Package: epstopdf 2010/02/09 v2.5 Conversion with epstopdf on the fly (HO)

("C:\Program Files (x86)\MiKTeX 2.9\tex\latex\oberdiek\epstopdf-base.sty"
Package: epstopdf-base 2010/02/09 v2.5 Base part for package epstopdf

("C:\Program Files (x86)\MiKTeX 2.9\tex\latex\oberdiek\grfext.sty"
Package: grfext 2010/08/19 v1.1 Manage graphics extensions (HO)

("C:\Program Files (x86)\MiKTeX 2.9\tex\generic\oberdiek\kvdefinekeys.sty"
Package: kvdefinekeys 2011/04/07 v1.3 Define keys (HO)
))
("C:\Program Files (x86)\MiKTeX 2.9\tex\latex\oberdiek\kvoptions.sty"
Package: kvoptions 2011/06/30 v3.11 Key value format for package options (HO)

("C:\Program Files (x86)\MiKTeX 2.9\tex\generic\oberdiek\kvsetkeys.sty"
Package: kvsetkeys 2012/04/25 v1.16 Key value parser (HO)

("C:\Program Files (x86)\MiKTeX 2.9\tex\generic\oberdiek\etexcmds.sty"
Package: etexcmds 2011/02/16 v1.5 Avoid name clashes with e-TeX commands (HO)

("C:\Program Files (x86)\MiKTeX 2.9\tex\generic\oberdiek\ifluatex.sty"
Package: ifluatex 2010/03/01 v1.3 Provides the ifluatex switch (HO)
Package ifluatex Info: LuaTeX not detected.
)
Package etexcmds Info: Could not find \expanded.
(etexcmds)             That can mean that you are not using pdfTeX 1.50 or
(etexcmds)             that some package has redefined \expanded.
(etexcmds)             In the latter case, load this package earlier.
)))
("C:\Program Files (x86)\MiKTeX 2.9\tex\generic\oberdiek\pdftexcmds.sty"
Package: pdftexcmds 2011/11/29 v0.20 Utility functions of pdfTeX for LuaTeX (HO)

("C:\Program Files (x86)\MiKTeX 2.9\tex\generic\oberdiek\ifpdf.sty"
Package: ifpdf 2011/01/30 v2.3 Provides the ifpdf switch (HO)
Package ifpdf Info: pdfTeX in PDF mode is detected.
)
Package pdftexcmds Info: LuaTeX not detected.
Package pdftexcmds Info: \pdf@primitive is available.
Package pdftexcmds Info: \pdf@ifprimitive is available.
Package pdftexcmds Info: \pdfdraftmode found.
)
Package grfext Info: Graphics extension search list:
(grfext)             [.png,.pdf,.jpg,.mps,.jpeg,.jbig2,.jb2,.PNG,.PDF,.JPG,.JPEG,.JBIG2,.JB2,.eps]
(grfext)             \AppendGraphicsExtensions on input line 452.
)) (macro.sty)
("C:\Program Files (x86)\MiKTeX 2.9\tex\latex\algorithms\algorithm.sty"
Package: algorithm 2009/08/24 v0.1 Document Style `algorithm' - floating environment

("C:\Program Files (x86)\MiKTeX 2.9\tex\latex\float\float.sty"
Package: float 2001/11/08 v1.3d Float enhancements (AL)
\c@float@type=\count93
\float@exts=\toks19
\float@box=\box26
\@float@everytoks=\toks20
\@floatcapt=\box27
)
("C:\Program Files (x86)\MiKTeX 2.9\tex\latex\base\ifthen.sty"
Package: ifthen 2014/09/29 v1.1c Standard LaTeX ifthen package (DPC)
)
\@float@every@algorithm=\toks21
\c@algorithm=\count94
)
("C:\Program Files (x86)\MiKTeX 2.9\tex\latex\algorithms\algorithmic.sty"
Package: algorithmic 2009/08/24 v0.1 Document Style `algorithmic'
\c@ALC@unique=\count95
\c@ALC@line=\count96
\c@ALC@rem=\count97
\c@ALC@depth=\count98
\ALC@tlm=\skip49
\algorithmicindent=\skip50
)
("C:\Program Files (x86)\MiKTeX 2.9\tex\latex\lm\lmodern.sty"
Package: lmodern 2009/10/30 v1.6 Latin Modern Fonts
LaTeX Font Info:    Overwriting symbol font `operators' in version `normal'
(Font)                  OT1/cmr/m/n --> OT1/lmr/m/n on input line 22.
LaTeX Font Info:    Overwriting symbol font `letters' in version `normal'
(Font)                  OML/cmm/m/it --> OML/lmm/m/it on input line 23.
LaTeX Font Info:    Overwriting symbol font `symbols' in version `normal'
(Font)                  OMS/cmsy/m/n --> OMS/lmsy/m/n on input line 24.
LaTeX Font Info:    Overwriting symbol font `largesymbols' in version `normal'
(Font)                  OMX/cmex/m/n --> OMX/lmex/m/n on input line 25.
LaTeX Font Info:    Overwriting symbol font `operators' in version `bold'
(Font)                  OT1/cmr/bx/n --> OT1/lmr/bx/n on input line 26.
LaTeX Font Info:    Overwriting symbol font `letters' in version `bold'
(Font)                  OML/cmm/b/it --> OML/lmm/b/it on input line 27.
LaTeX Font Info:    Overwriting symbol font `symbols' in version `bold'
(Font)                  OMS/cmsy/b/n --> OMS/lmsy/b/n on input line 28.
LaTeX Font Info:    Overwriting symbol font `largesymbols' in version `bold'
(Font)                  OMX/cmex/m/n --> OMX/lmex/m/n on input line 29.
LaTeX Font Info:    Overwriting math alphabet `\mathbf' in version `normal'
(Font)                  OT1/cmr/bx/n --> OT1/lmr/bx/n on input line 31.
LaTeX Font Info:    Overwriting math alphabet `\mathsf' in version `normal'
(Font)                  OT1/cmss/m/n --> OT1/lmss/m/n on input line 32.
LaTeX Font Info:    Overwriting math alphabet `\mathit' in version `normal'
(Font)                  OT1/cmr/m/it --> OT1/lmr/m/it on input line 33.
LaTeX Font Info:    Overwriting math alphabet `\mathtt' in version `normal'
(Font)                  OT1/cmtt/m/n --> OT1/lmtt/m/n on input line 34.
LaTeX Font Info:    Overwriting math alphabet `\mathbf' in version `bold'
(Font)                  OT1/cmr/bx/n --> OT1/lmr/bx/n on input line 35.
LaTeX Font Info:    Overwriting math alphabet `\mathsf' in version `bold'
(Font)                  OT1/cmss/bx/n --> OT1/lmss/bx/n on input line 36.
LaTeX Font Info:    Overwriting math alphabet `\mathit' in version `bold'
(Font)                  OT1/cmr/bx/it --> OT1/lmr/bx/it on input line 37.
LaTeX Font Info:    Overwriting math alphabet `\mathtt' in version `bold'
(Font)                  OT1/cmtt/m/n --> OT1/lmtt/m/n on input line 38.
)
("C:\Program Files (x86)\MiKTeX 2.9\tex\latex\geometry\geometry.sty"
Package: geometry 2010/09/12 v5.6 Page Geometry

("C:\Program Files (x86)\MiKTeX 2.9\tex\generic\oberdiek\ifvtex.sty"
Package: ifvtex 2010/03/01 v1.5 Detect VTeX and its facilities (HO)
Package ifvtex Info: VTeX not detected.
)
("C:\Program Files (x86)\MiKTeX 2.9\tex\generic\ifxetex\ifxetex.sty"
Package: ifxetex 2010/09/12 v0.6 Provides ifxetex conditional
)
\Gm@cnth=\count99
\Gm@cntv=\count100
\c@Gm@tempcnt=\count101
\Gm@bindingoffset=\dimen108
\Gm@wd@mp=\dimen109
\Gm@odd@mp=\dimen110
\Gm@even@mp=\dimen111
\Gm@layoutwidth=\dimen112
\Gm@layoutheight=\dimen113
\Gm@layouthoffset=\dimen114
\Gm@layoutvoffset=\dimen115
\Gm@dimlist=\toks22

("C:\Program Files (x86)\MiKTeX 2.9\tex\latex\geometry\geometry.cfg")) (MouseCompteRendu.aux

LaTeX Warning: Label `fig:simihm' multiply defined.

)
LaTeX Font Info:    Checking defaults for OML/cmm/m/it on input line 39.
LaTeX Font Info:    ... okay on input line 39.
LaTeX Font Info:    Checking defaults for T1/cmr/m/n on input line 39.
LaTeX Font Info:    ... okay on input line 39.
LaTeX Font Info:    Checking defaults for OT1/cmr/m/n on input line 39.
LaTeX Font Info:    ... okay on input line 39.
LaTeX Font Info:    Checking defaults for OMS/cmsy/m/n on input line 39.
LaTeX Font Info:    ... okay on input line 39.
LaTeX Font Info:    Checking defaults for OMX/cmex/m/n on input line 39.
LaTeX Font Info:    ... okay on input line 39.
LaTeX Font Info:    Checking defaults for U/cmr/m/n on input line 39.
LaTeX Font Info:    ... okay on input line 39.
LaTeX Font Info:    Try loading font information for T1+lmr on input line 39.
 ("C:\Program Files (x86)\MiKTeX 2.9\tex\latex\lm\t1lmr.fd"
File: t1lmr.fd 2009/10/30 v1.6 Font defs for Latin Modern
)
LaTeX Info: Redefining \degres on input line 39.
LaTeX Info: Redefining \dots on input line 39.
LaTeX Info: Redefining \up on input line 39.

("C:\Program Files (x86)\MiKTeX 2.9\tex\context\base\supp-pdf.mkii"
[Loading MPS to PDF converter (version 2006.09.02).]
\scratchcounter=\count102
\scratchdimen=\dimen116
\scratchbox=\box28
\nofMPsegments=\count103
\nofMParguments=\count104
\everyMPshowfont=\toks23
\MPscratchCnt=\count105
\MPscratchDim=\dimen117
\MPnumerator=\count106
\makeMPintoPDFobject=\count107
\everyMPtoPDFconversion=\toks24
)
*geometry* driver: auto-detecting
*geometry* detected driver: pdftex
*geometry* verbose mode - [ preamble ] result:
* driver: pdftex
* paper: a4paper
* layout: <same size as paper>
* layoutoffset:(h,v)=(0.0pt,0.0pt)
* modes: 
* h-part:(L,W,R)=(56.9055pt, 483.69687pt, 56.9055pt)
* v-part:(T,H,B)=(56.9055pt, 731.23584pt, 56.9055pt)
* \paperwidth=597.50787pt
* \paperheight=845.04684pt
* \textwidth=483.69687pt
* \textheight=731.23584pt
* \oddsidemargin=-15.36449pt
* \evensidemargin=-15.36449pt
* \topmargin=-52.36449pt
* \headheight=12.0pt
* \headsep=25.0pt
* \topskip=11.0pt
* \footskip=30.0pt
* \marginparwidth=50.0pt
* \marginparsep=10.0pt
* \columnsep=10.0pt
* \skip\footins=10.0pt plus 4.0pt minus 2.0pt
* \hoffset=0.0pt
* \voffset=0.0pt
* \mag=1000
* \@twocolumnfalse
* \@twosidefalse
* \@mparswitchfalse
* \@reversemarginfalse
* (1in=72.27pt=25.4mm, 1cm=28.453pt)

(titre.tex
LaTeX Font Info:    Try loading font information for T1+lmss on input line 16.
 ("C:\Program Files (x86)\MiKTeX 2.9\tex\latex\lm\t1lmss.fd"
File: t1lmss.fd 2009/10/30 v1.6 Font defs for Latin Modern
) [1

{C:/ProgramData/MiKTeX/2.9/pdftex/config/pdftex.map}]) (MouseCompteRendu.toc
LaTeX Font Info:    Try loading font information for OT1+lmr on input line 11.
 ("C:\Program Files (x86)\MiKTeX 2.9\tex\latex\lm\ot1lmr.fd"
File: ot1lmr.fd 2009/10/30 v1.6 Font defs for Latin Modern
)
LaTeX Font Info:    Try loading font information for OML+lmm on input line 11.

("C:\Program Files (x86)\MiKTeX 2.9\tex\latex\lm\omllmm.fd"
File: omllmm.fd 2009/10/30 v1.6 Font defs for Latin Modern
)
LaTeX Font Info:    Try loading font information for OMS+lmsy on input line 11.
 ("C:\Program Files (x86)\MiKTeX 2.9\tex\latex\lm\omslmsy.fd"
File: omslmsy.fd 2009/10/30 v1.6 Font defs for Latin Modern
)
LaTeX Font Info:    Try loading font information for OMX+lmex on input line 11.
 ("C:\Program Files (x86)\MiKTeX 2.9\tex\latex\lm\omxlmex.fd"
File: omxlmex.fd 2009/10/30 v1.6 Font defs for Latin Modern
)
LaTeX Font Info:    External font `lmex10' loaded for size
(Font)              <10.95> on input line 11.
LaTeX Font Info:    External font `lmex10' loaded for size
(Font)              <8> on input line 11.
LaTeX Font Info:    External font `lmex10' loaded for size
(Font)              <6> on input line 11.
)
\tf@toc=\write3
 (MouseCompteRendu.lof [1])
\tf@lof=\write4
 [2] (introduction.tex)
[3] (specification.tex) [4] (realisation.tex <images/UML.png, id=21, 752.8125pt x 564.60938pt>
File: images/UML.png Graphic file (type png)
 <use images/UML.png>
Package pdftex.def Info: images/UML.png used on input line 21.
(pdftex.def)             Requested size: 284.53246pt x 227.6231pt.

[5 <./images/UML.png>] [6] [7]) [8] (manuel.tex <images/IHM/ihm_globale.png, id=36, 548.80031pt x 544.28343pt>
File: images/IHM/ihm_globale.png Graphic file (type png)

<use images/IHM/ihm_globale.png>
Package pdftex.def Info: images/IHM/ihm_globale.png used on input line 4.
(pdftex.def)             Requested size: 341.44177pt x 341.43037pt.
 <images/IHM/MaleMouseSprite.png, id=37, 96.36pt x 24.09pt>
File: images/IHM/MaleMouseSprite.png Graphic file (type png)

<use images/IHM/MaleMouseSprite.png>
Package pdftex.def Info: images/IHM/MaleMouseSprite.png used on input line 13.
(pdftex.def)             Requested size: 96.35974pt x 24.08992pt.
 <images/IHM/FemaleMouseSprite.png, id=39, 96.36pt x 24.09pt>
File: images/IHM/FemaleMouseSprite.png Graphic file (type png)

<use images/IHM/FemaleMouseSprite.png>
Package pdftex.def Info: images/IHM/FemaleMouseSprite.png used on input line 16.
(pdftex.def)             Requested size: 96.35974pt x 24.08992pt.
 <images/IHM/Parquet.png, id=40, 24.09pt x 24.09pt>
File: images/IHM/Parquet.png Graphic file (type png)
 <use images/IHM/Parquet.png>
Package pdftex.def Info: images/IHM/Parquet.png used on input line 19.
(pdftex.def)             Requested size: 24.08992pt x 24.08992pt.

<images/IHM/box.png, id=41, 32.12pt x 32.12pt>
File: images/IHM/box.png Graphic file (type png)
 <use images/IHM/box.png>
Package pdftex.def Info: images/IHM/box.png used on input line 22.
(pdftex.def)             Requested size: 32.1199pt x 32.1199pt.

<images/IHM/table.png, id=42, 32.12pt x 32.12pt>
File: images/IHM/table.png Graphic file (type png)
 <use images/IHM/table.png>
Package pdftex.def Info: images/IHM/table.png used on input line 23.
(pdftex.def)             Requested size: 32.1199pt x 32.1199pt.

<images/IHM/barrel.png, id=43, 32.12pt x 32.12pt>
File: images/IHM/barrel.png Graphic file (type png)
 <use images/IHM/barrel.png>
Package pdftex.def Info: images/IHM/barrel.png used on input line 24.
(pdftex.def)             Requested size: 32.1199pt x 32.1199pt.

<images/IHM/wood.png, id=44, 24.09pt x 24.09pt>
File: images/IHM/wood.png Graphic file (type png)
 <use images/IHM/wood.png>
Package pdftex.def Info: images/IHM/wood.png used on input line 25.
(pdftex.def)             Requested size: 24.08992pt x 24.08992pt.

<images/IHM/food.png, id=45, 18.0675pt x 18.0675pt>
File: images/IHM/food.png Graphic file (type png)
 <use images/IHM/food.png>
Package pdftex.def Info: images/IHM/food.png used on input line 28.
(pdftex.def)             Requested size: 18.06744pt x 18.06744pt.

<images/IHM/controlPanel.png, id=46, 301.125pt x 37.64063pt>
File: images/IHM/controlPanel.png Graphic file (type png)
 <use images/IHM/controlPanel.png>
Package pdftex.def Info: images/IHM/controlPanel.png used on input line 35.
(pdftex.def)             Requested size: 341.4665pt x 42.68329pt.


LaTeX Warning: `!h' float specifier changed to `!ht'.

[9 <./images/IHM/ihm_globale.png> <./images/IHM/MaleMouseSprite.png> <./images/IHM/FemaleMouseSprite.png> <./images/IHM/
Parquet.png> <./images/IHM/box.png> <./images/IHM/table.png> <./images/IHM/barrel.png> <./images/IHM/wood.png> <./images
/IHM/food.png>] <images/IHM/log.png, id=57, 545.78906pt x 218.31563pt>
File: images/IHM/log.png Graphic file (type png)
 <use images/IHM/log.png>
Package pdftex.def Info: images/IHM/log.png used on input line 52.
(pdftex.def)             Requested size: 341.43378pt x 136.5735pt.

<images/IHM/sim.png, id=58, 545.78906pt x 218.31563pt>
File: images/IHM/sim.png Graphic file (type png)
 <use images/IHM/sim.png>
Package pdftex.def Info: images/IHM/sim.png used on input line 56.
(pdftex.def)             Requested size: 341.43378pt x 136.5735pt.


LaTeX Warning: `!h' float specifier changed to `!ht'.

<images/IHM/infos.png, id=59, 545.78906pt x 201.00093pt>
File: images/IHM/infos.png Graphic file (type png)
 <use images/IHM/infos.png>
Package pdftex.def Info: images/IHM/infos.png used on input line 69.
(pdftex.def)             Requested size: 341.43378pt x 136.57147pt.


LaTeX Warning: `!h' float specifier changed to `!ht'.

[10 <./images/IHM/controlPanel.png> <./images/IHM/log.png>] <images/IHM/example.png, id=63, 556.32843pt x 278.54062pt>
File: images/IHM/example.png Graphic file (type png)

<use images/IHM/example.png>
Package pdftex.def Info: images/IHM/example.png used on input line 73.
(pdftex.def)             Requested size: 341.43962pt x 170.7213pt.
 <images/IHM/yeux.png, id=64, 1053.9375pt x 105.39375pt>
File: images/IHM/yeux.png Graphic file (type png)
 <use images/IHM/yeux.png>
Package pdftex.def Info: images/IHM/yeux.png used on input line 79.
(pdftex.def)             Requested size: 341.43207pt x 34.14319pt.


LaTeX Warning: `!h' float specifier changed to `!ht'.

<images/IHM/bouches.png, id=65, 903.375pt x 90.3375pt>
File: images/IHM/bouches.png Graphic file (type png)
 <use images/IHM/bouches.png>
Package pdftex.def Info: images/IHM/bouches.png used on input line 83.
(pdftex.def)             Requested size: 341.43896pt x 34.1425pt.
 [11 <./images/IHM/sim.png> <./images/IHM/infos.png> <./images/IHM/example.png>] <images/IHM/memorygrid.png, id=69, 413.
29407pt x 413.29407pt>
File: images/IHM/memorygrid.png Graphic file (type png)

<use images/IHM/memorygrid.png>
Package pdftex.def Info: images/IHM/memorygrid.png used on input line 92.
(pdftex.def)             Requested size: 284.52995pt x 284.52995pt.
 <images/IHM/generation.png, id=70, 548.80031pt x 219.82124pt>
File: images/IHM/generation.png Graphic file (type png)

<use images/IHM/generation.png>
Package pdftex.def Info: images/IHM/generation.png used on input line 99.
(pdftex.def)             Requested size: 341.44177pt x 136.57622pt.
 [12 <./images/IHM/yeux.png> <./images/IHM/bouches.png> <./images/IHM/memorygrid.png>]
<images/IHM/statistiques.png, id=75, 548.80031pt x 219.82124pt>
File: images/IHM/statistiques.png Graphic file (type png)
 <use images/IHM/statistiques.png>
Package pdftex.def Info: images/IHM/statistiques.png used on input line 107.
(pdftex.def)             Requested size: 341.44177pt x 136.57622pt.
) (deroulement.tex
[13 <./images/IHM/generation.png> <./images/IHM/statistiques.png>]
<images/calendrier.png, id=79, 449.42906pt x 584.1825pt>
File: images/calendrier.png Graphic file (type png)
 <use images/calendrier.png>
Package pdftex.def Info: images/calendrier.png used on input line 30.
(pdftex.def)             Requested size: 284.54077pt x 369.89992pt.


LaTeX Warning: `!h' float specifier changed to `!ht'.

) (conclusion.tex) [14] [15 <./images/calendrier.png>] (MouseCompteRendu.aux)

LaTeX Warning: There were multiply-defined labels.

 ) 
Here is how much of TeX's memory you used:
 3848 strings out of 493698
 56507 string characters out of 3141998
 127158 words of memory out of 3000000
 7047 multiletter control sequences out of 15000+200000
 42308 words of font info for 35 fonts, out of 3000000 for 9000
 1025 hyphenation exceptions out of 8191
 42i,5n,30p,885b,439s stack positions out of 5000i,500n,10000p,200000b,50000s
{C:/Program Files (x86)/MiKTeX 2.9/fonts/enc/dvips/lm/lm-ec.enc}<C:/Program Files (x86)/MiKTeX 2.9/fonts/type1/public/
lm/lmbx10.pfb><C:/Program Files (x86)/MiKTeX 2.9/fonts/type1/public/lm/lmbx12.pfb><C:/Program Files (x86)/MiKTeX 2.9/fon
ts/type1/public/lm/lmcsc10.pfb><C:/Program Files (x86)/MiKTeX 2.9/fonts/type1/public/lm/lmr10.pfb><C:/Program Files (x86
)/MiKTeX 2.9/fonts/type1/public/lm/lmss17.pfb>
Output written on MouseCompteRendu.pdf (16 pages, 617580 bytes).
PDF statistics:
 104 PDF objects out of 1000 (max. 8388607)
 0 named destinations out of 1000 (max. 500000)
 106 words of extra memory for PDF output out of 10000 (max. 10000000)

